Build started 2022-01-27 17:23:29.
Logging verbosity is set to: Normal.     1>Project "C:\Users\NoNsleep\Documents\PROGRAMINIMAS\ForIgnitis\ForIgnitis\ForIgnitis.vcxproj" on node 2 (Build target(s)).
     1>InitializeBuildStatus:
         Touching "x64\Debug\ForIgnitis.tlog\unsuccessfulbuild".
       VcpkgTripletSelection:
         Using triplet "x64-windows-static" from "G:\DEV\vcpkg\installed\\x64-windows-static\"
       ClCompile:
         All outputs are up-to-date.
         C:\Program Files (x86)\Microsoft Visual Studio\2019\Community\VC\Tools\MSVC\14.29.30133\bin\HostX86\x64\CL.exe /c /I"G:\DEV\vcpkg\installed\\x64-windows-static\include" /ZI /JMC /nologo /W3 /WX- /diagnostics:column /sdl /Od /D _DEBUG /D _CONSOLE /D _UNICODE /D UNICODE /Gm- /EHsc /RTC1 /MTd /GS /fp:precise /permissive- /Zc:wchar_t /Zc:forScope /Zc:inline /Fo"x64\Debug\\" /Fd"x64\Debug\vc142.pdb" /external:W3 /Gd /TP /FC /errorReport:prompt Main.cpp
         Main.cpp
     1>C:\Users\NoNsleep\Documents\PROGRAMINIMAS\ForIgnitis\ForIgnitis\Main.cpp(92): warning C4715: 'ReturnFileNameWithDate': not all control paths return a value
       Link:
         C:\Program Files (x86)\Microsoft Visual Studio\2019\Community\VC\Tools\MSVC\14.29.30133\bin\HostX86\x64\link.exe /ERRORREPORT:PROMPT /OUT:"C:\Users\NoNsleep\Documents\PROGRAMINIMAS\ForIgnitis\x64\Debug\ForIgnitis.exe" /INCREMENTAL /ILK:"x64\Debug\ForIgnitis.ilk" /NOLOGO /LIBPATH:"G:\DEV\vcpkg\installed\\x64-windows-static\debug\lib" /LIBPATH:"G:\DEV\vcpkg\installed\\x64-windows-static\debug\lib\manual-link" kernel32.lib user32.lib gdi32.lib winspool.lib comdlg32.lib advapi32.lib shell32.lib ole32.lib oleaut32.lib uuid.lib odbc32.lib odbccp32.lib kernel32.lib user32.lib gdi32.lib winspool.lib comdlg32.lib advapi32.lib shell32.lib ole32.lib oleaut32.lib uuid.lib odbc32.lib odbccp32.lib Iphlpapi.lib "G:\DEV\vcpkg\installed\\x64-windows-static\debug\lib\*.lib" /MANIFEST /MANIFESTUAC:"level='asInvoker' uiAccess='false'" /manifest:embed /DEBUG /PDB:"C:\Users\NoNsleep\Documents\PROGRAMINIMAS\ForIgnitis\x64\Debug\ForIgnitis.pdb" /SUBSYSTEM:CONSOLE /TLBID:1 /DYNAMICBASE /NXCOMPAT /IMPLIB:"C:\Users\NoNsleep\Documents\PROGRAMINIMAS\ForIgnitis\x64\Debug\ForIgnitis.lib" /MACHINE:X64 x64\Debug\Main.obj
         ForIgnitis.vcxproj -> C:\Users\NoNsleep\Documents\PROGRAMINIMAS\ForIgnitis\x64\Debug\ForIgnitis.exe
       AppLocalFromInstalled:
         pwsh.exe -ExecutionPolicy Bypass -noprofile -File "G:\DEV\vcpkg\scripts\buildsystems\msbuild\applocal.ps1" "C:\Users\NoNsleep\Documents\PROGRAMINIMAS\ForIgnitis\x64\Debug\ForIgnitis.exe" "G:\DEV\vcpkg\installed\\x64-windows-static\debug\bin" "x64\Debug\ForIgnitis.tlog\ForIgnitis.write.1u.tlog" "x64\Debug\vcpkg.applocal.log"
         'pwsh.exe' is not recognized as an internal or external command,
         operable program or batch file.
         The command "pwsh.exe -ExecutionPolicy Bypass -noprofile -File "G:\DEV\vcpkg\scripts\buildsystems\msbuild\applocal.ps1" "C:\Users\NoNsleep\Documents\PROGRAMINIMAS\ForIgnitis\x64\Debug\ForIgnitis.exe" "G:\DEV\vcpkg\installed\\x64-windows-static\debug\bin" "x64\Debug\ForIgnitis.tlog\ForIgnitis.write.1u.tlog" "x64\Debug\vcpkg.applocal.log"" exited with code 9009.
         "C:\WINDOWS\System32\WindowsPowerShell\v1.0\powershell.exe" -ExecutionPolicy Bypass -noprofile -File "G:\DEV\vcpkg\scripts\buildsystems\msbuild\applocal.ps1" "C:\Users\NoNsleep\Documents\PROGRAMINIMAS\ForIgnitis\x64\Debug\ForIgnitis.exe" "G:\DEV\vcpkg\installed\\x64-windows-static\debug\bin" "x64\Debug\ForIgnitis.tlog\ForIgnitis.write.1u.tlog" "x64\Debug\vcpkg.applocal.log"
       FinalizeBuildStatus:
         Deleting file "x64\Debug\ForIgnitis.tlog\unsuccessfulbuild".
         Touching "x64\Debug\ForIgnitis.tlog\ForIgnitis.lastbuildstate".
     1>Done Building Project "C:\Users\NoNsleep\Documents\PROGRAMINIMAS\ForIgnitis\ForIgnitis\ForIgnitis.vcxproj" (Build target(s)).

Build succeeded.

       "C:\Users\NoNsleep\Documents\PROGRAMINIMAS\ForIgnitis\ForIgnitis\ForIgnitis.vcxproj" (Build target) (1) ->
       (ClCompile target) -> 
         C:\Users\NoNsleep\Documents\PROGRAMINIMAS\ForIgnitis\ForIgnitis\Main.cpp(92): warning C4715: 'ReturnFileNameWithDate': not all control paths return a value

    1 Warning(s)
    0 Error(s)

Time Elapsed 00:00:03.27
